# JRE version: OpenJDK Runtime Environment (17.0.11) (build 17.0.11+0--11852314)
# Java VM: OpenJDK 64-Bit Server VM (17.0.11+0--11852314, mixed mode, tiered, compressed oops, compressed class ptrs, g1 gc, windows-amd64)
GC Precious Log:
 CPUs: 8 total, 8 available
 Memory: 7930M
 Large Page Support: Disabled
 NUMA Support: Disabled
 Compressed Oops: Enabled (32-bit)
 Heap Region Size: 1M
 Heap Min Capacity: 8M
 Heap Initial Capacity: 124M
 Heap Max Capacity: 2G
 Pre-touch: Disabled
 Parallel Workers: 8
 Concurrent Workers: 2
 Concurrent Refinement Workers: 8
 Periodic GC: Disabled
Heap:
 garbage-first heap   total 338944K, used 171368K [0x0000000080000000, 0x0000000100000000)
  region size 1024K, 13 young (13312K), 13 survivors (13312K)
 Metaspace       used 144579K, committed 145600K, reserved 1179648K
  class space    used 19867K, committed 20352K, reserved 1048576K
GC Heap History (20 events):
Event: 24.693 GC heap after
{Heap after GC invocations=42 (full 0):
 garbage-first heap   total 338944K, used 171202K [0x0000000080000000, 0x0000000100000000)
  region size 1024K, 9 young (9216K), 9 survivors (9216K)
 Metaspace       used 132358K, committed 133248K, reserved 1179648K
  class space    used 18586K, committed 19008K, reserved 1048576K
}
Event: 24.866 GC heap before
{Heap before GC invocations=42 (full 0):
 garbage-first heap   total 338944K, used 180418K [0x0000000080000000, 0x0000000100000000)
  region size 1024K, 14 young (14336K), 9 survivors (9216K)
 Metaspace       used 132740K, committed 133696K, reserved 1179648K
  class space    used 18646K, committed 19136K, reserved 1048576K
}
Event: 24.872 GC heap after
{Heap after GC invocations=43 (full 0):
 garbage-first heap   total 338944K, used 144051K [0x0000000080000000, 0x0000000100000000)
  region size 1024K, 8 young (8192K), 8 survivors (8192K)
 Metaspace       used 132740K, committed 133696K, reserved 1179648K
  class space    used 18646K, committed 19136K, reserved 1048576K
}
Event: 193.534 GC heap before
{Heap before GC invocations=44 (full 0):
 garbage-first heap   total 338944K, used 275123K [0x0000000080000000, 0x0000000100000000)
  region size 1024K, 137 young (140288K), 8 survivors (8192K)
 Metaspace       used 138276K, committed 139136K, reserved 1179648K
  class space    used 19143K, committed 19584K, reserved 1048576K
}
Event: 193.733 GC heap after
{Heap after GC invocations=45 (full 0):
 garbage-first heap   total 338944K, used 154928K [0x0000000080000000, 0x0000000100000000)
  region size 1024K, 18 young (18432K), 18 survivors (18432K)
 Metaspace       used 138276K, committed 139136K, reserved 1179648K
  class space    used 19143K, committed 19584K, reserved 1048576K
}
Event: 193.756 GC heap before
{Heap before GC invocations=45 (full 0):
 garbage-first heap   total 338944K, used 155952K [0x0000000080000000, 0x0000000100000000)
  region size 1024K, 19 young (19456K), 18 survivors (18432K)
 Metaspace       used 138278K, committed 139136K, reserved 1179648K
  class space    used 19143K, committed 19584K, reserved 1048576K
}
Event: 193.912 GC heap after
{Heap after GC invocations=46 (full 0):
 garbage-first heap   total 338944K, used 154250K [0x0000000080000000, 0x0000000100000000)
  region size 1024K, 3 young (3072K), 3 survivors (3072K)
 Metaspace       used 138278K, committed 139136K, reserved 1179648K
  class space    used 19143K, committed 19584K, reserved 1048576K
}
Event: 210.795 GC heap before
{Heap before GC invocations=46 (full 0):
 garbage-first heap   total 338944K, used 275082K [0x0000000080000000, 0x0000000100000000)
  region size 1024K, 122 young (124928K), 3 survivors (3072K)
 Metaspace       used 142930K, committed 143872K, reserved 1179648K
  class space    used 19745K, committed 20224K, reserved 1048576K
}
Event: 210.813 GC heap after
{Heap after GC invocations=47 (full 0):
 garbage-first heap   total 338944K, used 165150K [0x0000000080000000, 0x0000000100000000)
  region size 1024K, 14 young (14336K), 14 survivors (14336K)
 Metaspace       used 142930K, committed 143872K, reserved 1179648K
  class space    used 19745K, committed 20224K, reserved 1048576K
}
Event: 211.817 GC heap before
{Heap before GC invocations=48 (full 0):
 garbage-first heap   total 338944K, used 273694K [0x0000000080000000, 0x0000000100000000)
  region size 1024K, 122 young (124928K), 14 survivors (14336K)
 Metaspace       used 143488K, committed 144448K, reserved 1179648K
  class space    used 19806K, committed 20288K, reserved 1048576K
}
Event: 211.890 GC heap after
{Heap after GC invocations=49 (full 0):
 garbage-first heap   total 338944K, used 173323K [0x0000000080000000, 0x0000000100000000)
  region size 1024K, 10 young (10240K), 10 survivors (10240K)
 Metaspace       used 143488K, committed 144448K, reserved 1179648K
  class space    used 19806K, committed 20288K, reserved 1048576K
}
Event: 211.901 GC heap before
{Heap before GC invocations=49 (full 0):
 garbage-first heap   total 338944K, used 178443K [0x0000000080000000, 0x0000000100000000)
  region size 1024K, 16 young (16384K), 10 survivors (10240K)
 Metaspace       used 143489K, committed 144448K, reserved 1179648K
  class space    used 19806K, committed 20288K, reserved 1048576K
}
Event: 211.956 GC heap after
{Heap after GC invocations=50 (full 0):
 garbage-first heap   total 338944K, used 155627K [0x0000000080000000, 0x0000000100000000)
  region size 1024K, 2 young (2048K), 2 survivors (2048K)
 Metaspace       used 143489K, committed 144448K, reserved 1179648K
  class space    used 19806K, committed 20288K, reserved 1048576K
}
Event: 212.416 GC heap before
{Heap before GC invocations=50 (full 0):
 garbage-first heap   total 338944K, used 271339K [0x0000000080000000, 0x0000000100000000)
  region size 1024K, 116 young (118784K), 2 survivors (2048K)
 Metaspace       used 143608K, committed 144512K, reserved 1179648K
  class space    used 19806K, committed 20288K, reserved 1048576K
}
Event: 212.421 GC heap after
{Heap after GC invocations=51 (full 0):
 garbage-first heap   total 338944K, used 158207K [0x0000000080000000, 0x0000000100000000)
  region size 1024K, 5 young (5120K), 5 survivors (5120K)
 Metaspace       used 143608K, committed 144512K, reserved 1179648K
  class space    used 19806K, committed 20288K, reserved 1048576K
}
Event: 291.067 GC heap before
{Heap before GC invocations=52 (full 0):
 garbage-first heap   total 338944K, used 311807K [0x0000000080000000, 0x0000000100000000)
  region size 1024K, 120 young (122880K), 5 survivors (5120K)
 Metaspace       used 144183K, committed 145152K, reserved 1179648K
  class space    used 19843K, committed 20352K, reserved 1048576K
}
Event: 291.076 GC heap after
{Heap after GC invocations=53 (full 0):
 garbage-first heap   total 338944K, used 162755K [0x0000000080000000, 0x0000000100000000)
  region size 1024K, 9 young (9216K), 9 survivors (9216K)
 Metaspace       used 144183K, committed 145152K, reserved 1179648K
  class space    used 19843K, committed 20352K, reserved 1048576K
}
Event: 291.181 GC heap before
{Heap before GC invocations=53 (full 0):
 garbage-first heap   total 338944K, used 169923K [0x0000000080000000, 0x0000000100000000)
  region size 1024K, 16 young (16384K), 9 survivors (9216K)
 Metaspace       used 144260K, committed 145280K, reserved 1179648K
  class space    used 19844K, committed 20352K, reserved 1048576K
}
Event: 291.212 GC heap after
{Heap after GC invocations=54 (full 0):
 garbage-first heap   total 338944K, used 160528K [0x0000000080000000, 0x0000000100000000)
  region size 1024K, 2 young (2048K), 2 survivors (2048K)
 Metaspace       used 144260K, committed 145280K, reserved 1179648K
  class space    used 19844K, committed 20352K, reserved 1048576K
}
Event: 301.869 GC heap before
{Heap before GC invocations=54 (full 0):
 garbage-first heap   total 338944K, used 275216K [0x0000000080000000, 0x0000000100000000)
  region size 1024K, 115 young (117760K), 2 survivors (2048K)
 Metaspace       used 144579K, committed 145600K, reserved 1179648K
  class space    used 19867K, committed 20352K, reserved 1048576K
}

